<?xml version="1.0" encoding="UTF-8"?>
<!-- Generated by org.testng.reporters.JUnitXMLReporter -->
<testsuite hostname="BDC4-L-9Y87QQ2" ignored="1" name="Default test" tests="1" failures="0" timestamp="27 Feb 2019 16:54:02 GMT" time="13.833" errors="0">
  <testcase name="login" time="10.029" classname="com.selenium.Testng_demo2"/>
  <testcase name="legister" time="0.0" classname="com.selenium.Testng_demo2">
    <ignored/>
  </testcase> <!-- legister -->
</testsuite> <!-- Default test -->
