<?xml version="1.0" encoding="UTF-8"?>
<testng-results skipped="0" failed="0" ignored="1" total="2" passed="1">
  <reporter-output>
  </reporter-output>
  <suite name="Default suite" duration-ms="13833" started-at="2019-02-27T16:53:48Z" finished-at="2019-02-27T16:54:02Z">
    <groups>
    </groups>
    <test name="Default test" duration-ms="13833" started-at="2019-02-27T16:53:48Z" finished-at="2019-02-27T16:54:02Z">
      <class name="com.selenium.Testng_demo2">
        <test-method status="PASS" signature="launch_browser()[pri:0, instance:com.selenium.Testng_demo2@1593948d]" name="launch_browser" is-config="true" duration-ms="3783" started-at="2019-02-27T16:53:48Z" finished-at="2019-02-27T16:53:52Z">
          <reporter-output>
          </reporter-output>
        </test-method> <!-- launch_browser -->
        <test-method status="PASS" signature="login()[pri:1, instance:com.selenium.Testng_demo2@1593948d]" name="login" duration-ms="10029" started-at="2019-02-27T16:53:52Z" finished-at="2019-02-27T16:54:02Z">
          <reporter-output>
          </reporter-output>
        </test-method> <!-- login -->
        <test-method status="PASS" signature="close_browser()[pri:0, instance:com.selenium.Testng_demo2@1593948d]" name="close_browser" is-config="true" duration-ms="1" started-at="2019-02-27T16:54:02Z" finished-at="2019-02-27T16:54:02Z">
          <reporter-output>
          </reporter-output>
        </test-method> <!-- close_browser -->
      </class> <!-- com.selenium.Testng_demo2 -->
    </test> <!-- Default test -->
  </suite> <!-- Default suite -->
</testng-results>
